[studio.code.org/projects/applab/4D5bwYZpMwegFSJ_UHFCwQMD9uDV1Q6i4qu8O1qkjxM.html]
[backblue.gif]
[fade.gif]
[index.html]
[studio.code.org/assets/css/code-studio-8622262906818f5a1d99432d22633721c82ae826f8a5771960d72ee53a16f10c.css]
[www.google-analytics.com/analytics.js]
[studio.code.org/assets/application-98fceb6b897d73e21fd751e0c8487e9d66972bf02c12b0815de40f226eacb1ea.css]
[studio.code.org/assets/js/webpack-runtimewp0b0c2e4c8ed49d53281e.min.js]
[studio.code.org/assets/js/essentialwp6357f6f9cf75fec3d198.min.js]
[studio.code.org/assets/js/vendorswp30cecf6916ce20835de4.min.js]
[studio.code.org/assets/application-f7ae4f4ad87aae40a5a38d48b1a3742e5f8e496e32486f134fc545acf3d0bb6b.js]
[studio.code.org/assets/js/en_us/common_localewp60d2f8f8902266b88056cf146118e553.js]
[cdn.optimizely.com/js/12977480133.js]
[studio.code.org/assets/logo_noalpha-d3b71ea5c10427be241d5a90c786d24397823ae7625146c535a7cbc31f4606d4.png]
[studio.code.org/assets/js/code-studio-commonwp1c72a9eaed1606bbdc2f.min.js]
[studio.code.org/assets/js/code-studiowpc709a0d7e6e0975907b4.min.js]
[studio.code.org/assets/css/common-e2ffb246f534a12b92a7c2faf3c73773ce955e4f6104aa2569a52c0ef3552b7b.css]
[studio.code.org/assets/css/applab-3a1a0e3e4b21efc083ee9cf34f2221ee8ebb697aece4c41aca30e4b0e14422a4.css]
[studio.code.org/assets/js/commonwp5faba148188c9f69d13b.min.js]
[studio.code.org/assets/js/en_us/applab_localewpf09cc03ed7310ed0b4959942d9de23a8.js]
[studio.code.org/assets/js/applabwp4277f1e58011867879b4.min.js]
[www.gstatic.com/charts/loader.js]
[studio.code.org/projects/applab/4D5bwYZpMwegFSJ_UHFCwQMD9uDV1Q6i4qu8O1qkjxM.html]
[studio.code.org/assets/css/code-studio-8622262906818f5a1d99432d22633721c82ae826f8a5771960d72ee53a16f10c.css]
[studio.code.org/assets/jquery-ui/ui-icons_444444_256x240-40ebbb6ee238252c7dcc2982618098cdab1647cd49e2089e41e48e0d269d8c5d.png]
[studio.code.org/assets/jquery-ui/ui-icons_555555_256x240-73927f997f553c4f08f8accede2f3b37e54abb6f074f4e24c9fee2c170560a8f.png]
[studio.code.org/assets/jquery-ui/ui-icons_ffffff_256x240-8d3b7891e6731703b30cfa627483dcac1e81dfbfaf6e2e8336d0f65b16fddf78.png]
[studio.code.org/assets/jquery-ui/ui-icons_777620_256x240-2ce4779fc63f30bd0edb694341368ce27be117aee1dc4c5011c9e808f87f2cbc.png]
[studio.code.org/assets/jquery-ui/ui-icons_cc0000_256x240-f64d41de4cb455454ce23be7b2e68f997effc937a601a44fca9c253d8b9461de.png]
[studio.code.org/assets/jquery-ui/ui-icons_777777_256x240-b147d0757d7e9c868d19244030bba2fbf6044bdf534b636c6036dc3f32bcc21f.png]
[studio.code.org/assets/glyphicons-halflings-b76553f6d25021141f5a9baa17c871e91a413bcd0d06c89a704747c2d33ab48b.png]
[studio.code.org/assets/glyphicons-halflings-white-68218db68af95b82d50ba6aff8036bc42a3f9d15cdc6d6df1097607ca48d3754.png]
[studio.code.org/assets/fontawesome-webfont-7bfcab6db99d5cfbf1705ca0536ddc78585432cc5fa41bbd7ad0f009033b2979.eot]
[studio.code.org/assets/fontawesome-webfont-7bfcab6db99d5cfbf1705ca0536ddc78585432cc5fa41bbd7ad0f009033b2979d41d.eot]
[studio.code.org/assets/fontawesome-webfont-2adefcbc041e7d18fcf2d417879dc5a09997aa64d675b7a3c4b6ce33da13f3fe.woff2]
[studio.code.org/assets/fontawesome-webfont-ba0c59deb5450f5cb41b3f93609ee2d0d995415877ddfa223e8a8a7533474f07.woff]
[studio.code.org/assets/fontawesome-webfont-aa58f33f239a0fb02f5c7a6c45c043d7a9ac9a093335806694ecd6d4edc0d6a8.ttf]
[studio.code.org/assets/fontawesome-webfont-ad6157926c1622ba4e1d03d478f1541368524bfc46f51e42fe0d945f7ef323e4.svg]
[studio.code.org/assets/spinner-big-c133f80475149189ebb5889ca47babde4a1deb6999a42ba098ce351004e1a2b1.gif]
[studio.code.org/assets/spinner-big-oceans-blue-a632f5b5f551fcf2ae3fd9e4aa858a7fcbcf2d8ca84e9348fb7add4d7aea470c.gif]
[studio.code.org/assets/x_button-a943bf2f706c7128fb5928fe677b4f665ed9f9deb10536ff9c1338cdcab69e0a.png]
[studio.code.org/assets/open_button-2341fa3f4a0e1326747b972d395eb670cf27bfb4f88b13771074ddbc9bcc9c3c.png]
[studio.code.org/assets/application-98fceb6b897d73e21fd751e0c8487e9d66972bf02c12b0815de40f226eacb1ea.css]
[www.googletagmanager.com/gtm5445.html]
[code.org/index.html]
[studio.code.org/assets/css/common-e2ffb246f534a12b92a7c2faf3c73773ce955e4f6104aa2569a52c0ef3552b7b.css]
[studio.code.org/assets/css/applab-3a1a0e3e4b21efc083ee9cf34f2221ee8ebb697aece4c41aca30e4b0e14422a4.css]
[studio.code.org/assets/fontawesome-webfont-ad6157926c1622ba4e1d03d478f1541368524bfc46f51e42fe0d945f7ef323e4.svg]
